<?xml version='1.0' encoding='UTF-8' ?>
<testsuite name="com.example.ud1_modularization_example_2.feature.pokemon_detail.PokemonDetailScreenTest" tests="5" failures="5" errors="0" skipped="0" time="4.666" timestamp="2025-06-24T19:04:00" hostname="localhost">
  <properties>
    <property name="device" value="Pixel_8_API_35(AVD) - 15" />
    <property name="flavor" value="" />
    <property name="project" value=":feature:pokemon_detail" />
  </properties>
  <testcase name="pokemonDetailScreen_doesNotCrash_withInvalidPokemonId" classname="com.example.ud1_modularization_example_2.feature.pokemon_detail.PokemonDetailScreenTest" time="0.609">
    <failure>java.lang.IllegalStateException: Given component holder class androidx.activity.ComponentActivity does not implement interface dagger.hilt.internal.GeneratedComponent or interface dagger.hilt.internal.GeneratedComponentManager
at dagger.hilt.EntryPoints.get(EntryPoints.java:62)
at dagger.hilt.android.internal.lifecycle.HiltViewModelFactory.createInternal(HiltViewModelFactory.java:206)
at androidx.hilt.navigation.HiltViewModelFactory.create(HiltNavBackStackEntry.kt:75)
at androidx.hilt.navigation.compose.HiltViewModelKt.createHiltViewModelFactory(HiltViewModel.kt:95)
at com.example.ud1_modularization_example_2.feature.pokemon_detail.PokemonDetailScreenKt.PokemonDetailScreen(PokemonDetailScreen.kt:536)
at com.example.ud1_modularization_example_2.feature.pokemon_detail.ComposableSingletons$PokemonDetailScreenTestKt$lambda-3$1.invoke(PokemonDetailScreenTest.kt:69)
at com.example.ud1_modularization_example_2.feature.pokemon_detail.ComposableSingletons$PokemonDetailScreenTestKt$lambda-3$1.invoke(PokemonDetailScreenTest.kt:68)
at androidx.compose.runtime.internal.ComposableLambdaImpl.invoke(ComposableLambda.jvm.kt:109)
at androidx.compose.runtime.internal.ComposableLambdaImpl.invoke(ComposableLambda.jvm.kt:35)
at androidx.compose.ui.platform.ComposeView.Content(ComposeView.android.kt:441)
at androidx.compose.ui.platform.AbstractComposeView$ensureCompositionCreated$1.invoke(ComposeView.android.kt:259)
at androidx.compose.ui.platform.AbstractComposeView$ensureCompositionCreated$1.invoke(ComposeView.android.kt:258)
at androidx.compose.runtime.internal.ComposableLambdaImpl.invoke(ComposableLambda.jvm.kt:109)
at androidx.compose.runtime.internal.ComposableLambdaImpl.invoke(ComposableLambda.jvm.kt:35)
at androidx.compose.runtime.CompositionLocalKt.CompositionLocalProvider(CompositionLocal.kt:380)
at androidx.compose.ui.platform.CompositionLocalsKt.ProvideCommonCompositionLocals(CompositionLocals.kt:216)
at androidx.compose.ui.platform.AndroidCompositionLocals_androidKt$ProvideAndroidCompositionLocals$3.invoke(AndroidCompositionLocals.android.kt:132)
at androidx.compose.ui.platform.AndroidCompositionLocals_androidKt$ProvideAndroidCompositionLocals$3.invoke(AndroidCompositionLocals.android.kt:131)
at androidx.compose.runtime.internal.ComposableLambdaImpl.invoke(ComposableLambda.jvm.kt:109)
at androidx.compose.runtime.internal.ComposableLambdaImpl.invoke(ComposableLambda.jvm.kt:35)
at androidx.compose.runtime.CompositionLocalKt.CompositionLocalProvider(CompositionLocal.kt:380)
at androidx.compose.ui.platform.AndroidCompositionLocals_androidKt.ProvideAndroidCompositionLocals(AndroidCompositionLocals.android.kt:121)
at androidx.compose.ui.platform.WrappedComposition$setContent$1$1$3.invoke(Wrapper.android.kt:155)
at androidx.compose.ui.platform.WrappedComposition$setContent$1$1$3.invoke(Wrapper.android.kt:154)
at androidx.compose.runtime.internal.ComposableLambdaImpl.invoke(ComposableLambda.jvm.kt:109)
at androidx.compose.runtime.internal.ComposableLambdaImpl.invoke(ComposableLambda.jvm.kt:35)
at androidx.compose.runtime.CompositionLocalKt.CompositionLocalProvider(CompositionLocal.kt:401)
at androidx.compose.ui.platform.WrappedComposition$setContent$1$1.invoke(Wrapper.android.kt:154)
at androidx.compose.ui.platform.WrappedComposition$setContent$1$1.invoke(Wrapper.android.kt:133)
at androidx.compose.runtime.internal.ComposableLambdaImpl.invoke(ComposableLambda.jvm.kt:109)
at androidx.compose.runtime.internal.ComposableLambdaImpl.invoke(ComposableLambda.jvm.kt:35)
at androidx.compose.runtime.ActualJvm_jvmKt.invokeComposable(ActualJvm.jvm.kt:97)
at androidx.compose.runtime.ComposerImpl.doCompose(Composer.kt:3595)
at androidx.compose.runtime.ComposerImpl.composeContent$runtime_release(Composer.kt:3522)
at androidx.compose.runtime.CompositionImpl.composeContent(Composition.kt:743)
at androidx.compose.runtime.Recomposer.composeInitial$runtime_release(Recomposer.kt:1122)
at androidx.compose.runtime.CompositionImpl.composeInitial(Composition.kt:649)
at androidx.compose.runtime.CompositionImpl.setContent(Composition.kt:635)
at androidx.compose.ui.platform.WrappedComposition$setContent$1.invoke(Wrapper.android.kt:133)
at androidx.compose.ui.platform.WrappedComposition$setContent$1.invoke(Wrapper.android.kt:124)
at androidx.compose.ui.platform.AndroidComposeView.setOnViewTreeOwnersAvailable(AndroidComposeView.android.kt:1626)
at androidx.compose.ui.platform.WrappedComposition.setContent(Wrapper.android.kt:124)
at androidx.compose.ui.platform.WrappedComposition.onStateChanged(Wrapper.android.kt:180)
at androidx.lifecycle.LifecycleRegistry$ObserverWithState.dispatchEvent(LifecycleRegistry.jvm.kt:313)
at androidx.lifecycle.LifecycleRegistry.addObserver(LifecycleRegistry.jvm.kt:191)
at androidx.compose.ui.platform.WrappedComposition$setContent$1.invoke(Wrapper.android.kt:131)
at androidx.compose.ui.platform.WrappedComposition$setContent$1.invoke(Wrapper.android.kt:124)
at androidx.compose.ui.platform.AndroidComposeView.onAttachedToWindow(AndroidComposeView.android.kt:1707)
at android.view.View.dispatchAttachedToWindow(View.java:22860)
at android.view.ViewGroup.dispatchAttachedToWindow(ViewGroup.java:3492)
at android.view.ViewGroup.dispatchAttachedToWindow(ViewGroup.java:3499)
at android.view.ViewGroup.addViewInner(ViewGroup.java:5299)
at android.view.ViewGroup.addView(ViewGroup.java:5085)
at android.view.ViewGroup.addView(ViewGroup.java:5057)
at com.android.internal.policy.PhoneWindow.setContentView(PhoneWindow.java:572)
at android.app.Activity.setContentView(Activity.java:3857)
at androidx.activity.ComponentActivity.setContentView(ComponentActivity.kt:402)
at androidx.activity.compose.ComponentActivityKt.setContent(ComponentActivity.kt:72)
at androidx.compose.ui.test.AndroidComposeUiTestEnvironment$AndroidComposeUiTestImpl$setContent$3.invoke(ComposeUiTest.android.kt:489)
at androidx.compose.ui.test.AndroidComposeUiTestEnvironment$AndroidComposeUiTestImpl$setContent$3.invoke(ComposeUiTest.android.kt:488)
at androidx.compose.ui.test.AndroidSynchronization_androidKt.runOnUiThread$lambda$0(AndroidSynchronization.android.kt:37)
at androidx.compose.ui.test.AndroidSynchronization_androidKt.$r8$lambda$opyMdTZ52jorqLaIG4SKpPr_Zno(Unknown Source:0)
at androidx.compose.ui.test.AndroidSynchronization_androidKt$$ExternalSyntheticLambda0.call(D8$$SyntheticClass:0)
at java.util.concurrent.FutureTask.run(FutureTask.java:264)
at java.util.concurrent.Executors$RunnableAdapter.call(Executors.java:487)
at java.util.concurrent.FutureTask.run(FutureTask.java:264)
at android.app.Instrumentation$SyncRunnable.run(Instrumentation.java:2612)
at android.os.Handler.handleCallback(Handler.java:959)
at android.os.Handler.dispatchMessage(Handler.java:100)
at android.os.Looper.loopOnce(Looper.java:232)
at android.os.Looper.loop(Looper.java:317)
at android.app.ActivityThread.main(ActivityThread.java:8705)
at java.lang.reflect.Method.invoke(Native Method)
at com.android.internal.os.RuntimeInit$MethodAndArgsCaller.run(RuntimeInit.java:580)
at com.android.internal.os.ZygoteInit.main(ZygoteInit.java:886)
</failure>
  </testcase>
  <testcase name="pokemonDetailScreen_callsBackCallback_whenBackButtonClicked" classname="com.example.ud1_modularization_example_2.feature.pokemon_detail.PokemonDetailScreenTest" time="0.454">
    <failure>java.lang.IllegalStateException: Given component holder class androidx.activity.ComponentActivity does not implement interface dagger.hilt.internal.GeneratedComponent or interface dagger.hilt.internal.GeneratedComponentManager
at dagger.hilt.EntryPoints.get(EntryPoints.java:62)
at dagger.hilt.android.internal.lifecycle.HiltViewModelFactory.createInternal(HiltViewModelFactory.java:206)
at androidx.hilt.navigation.HiltViewModelFactory.create(HiltNavBackStackEntry.kt:75)
at androidx.hilt.navigation.compose.HiltViewModelKt.createHiltViewModelFactory(HiltViewModel.kt:95)
at com.example.ud1_modularization_example_2.feature.pokemon_detail.PokemonDetailScreenKt.PokemonDetailScreen(PokemonDetailScreen.kt:536)
at com.example.ud1_modularization_example_2.feature.pokemon_detail.PokemonDetailScreenTest$pokemonDetailScreen_callsBackCallback_whenBackButtonClicked$1.invoke(PokemonDetailScreenTest.kt:38)
at com.example.ud1_modularization_example_2.feature.pokemon_detail.PokemonDetailScreenTest$pokemonDetailScreen_callsBackCallback_whenBackButtonClicked$1.invoke(PokemonDetailScreenTest.kt:37)
at androidx.compose.runtime.internal.ComposableLambdaImpl.invoke(ComposableLambda.jvm.kt:109)
at androidx.compose.runtime.internal.ComposableLambdaImpl.invoke(ComposableLambda.jvm.kt:35)
at androidx.compose.ui.platform.ComposeView.Content(ComposeView.android.kt:441)
at androidx.compose.ui.platform.AbstractComposeView$ensureCompositionCreated$1.invoke(ComposeView.android.kt:259)
at androidx.compose.ui.platform.AbstractComposeView$ensureCompositionCreated$1.invoke(ComposeView.android.kt:258)
at androidx.compose.runtime.internal.ComposableLambdaImpl.invoke(ComposableLambda.jvm.kt:109)
at androidx.compose.runtime.internal.ComposableLambdaImpl.invoke(ComposableLambda.jvm.kt:35)
at androidx.compose.runtime.CompositionLocalKt.CompositionLocalProvider(CompositionLocal.kt:380)
at androidx.compose.ui.platform.CompositionLocalsKt.ProvideCommonCompositionLocals(CompositionLocals.kt:216)
at androidx.compose.ui.platform.AndroidCompositionLocals_androidKt$ProvideAndroidCompositionLocals$3.invoke(AndroidCompositionLocals.android.kt:132)
at androidx.compose.ui.platform.AndroidCompositionLocals_androidKt$ProvideAndroidCompositionLocals$3.invoke(AndroidCompositionLocals.android.kt:131)
at androidx.compose.runtime.internal.ComposableLambdaImpl.invoke(ComposableLambda.jvm.kt:109)
at androidx.compose.runtime.internal.ComposableLambdaImpl.invoke(ComposableLambda.jvm.kt:35)
at androidx.compose.runtime.CompositionLocalKt.CompositionLocalProvider(CompositionLocal.kt:380)
at androidx.compose.ui.platform.AndroidCompositionLocals_androidKt.ProvideAndroidCompositionLocals(AndroidCompositionLocals.android.kt:121)
at androidx.compose.ui.platform.WrappedComposition$setContent$1$1$3.invoke(Wrapper.android.kt:155)
at androidx.compose.ui.platform.WrappedComposition$setContent$1$1$3.invoke(Wrapper.android.kt:154)
at androidx.compose.runtime.internal.ComposableLambdaImpl.invoke(ComposableLambda.jvm.kt:109)
at androidx.compose.runtime.internal.ComposableLambdaImpl.invoke(ComposableLambda.jvm.kt:35)
at androidx.compose.runtime.CompositionLocalKt.CompositionLocalProvider(CompositionLocal.kt:401)
at androidx.compose.ui.platform.WrappedComposition$setContent$1$1.invoke(Wrapper.android.kt:154)
at androidx.compose.ui.platform.WrappedComposition$setContent$1$1.invoke(Wrapper.android.kt:133)
at androidx.compose.runtime.internal.ComposableLambdaImpl.invoke(ComposableLambda.jvm.kt:109)
at androidx.compose.runtime.internal.ComposableLambdaImpl.invoke(ComposableLambda.jvm.kt:35)
at androidx.compose.runtime.ActualJvm_jvmKt.invokeComposable(ActualJvm.jvm.kt:97)
at androidx.compose.runtime.ComposerImpl.doCompose(Composer.kt:3595)
at androidx.compose.runtime.ComposerImpl.composeContent$runtime_release(Composer.kt:3522)
at androidx.compose.runtime.CompositionImpl.composeContent(Composition.kt:743)
at androidx.compose.runtime.Recomposer.composeInitial$runtime_release(Recomposer.kt:1122)
at androidx.compose.runtime.CompositionImpl.composeInitial(Composition.kt:649)
at androidx.compose.runtime.CompositionImpl.setContent(Composition.kt:635)
at androidx.compose.ui.platform.WrappedComposition$setContent$1.invoke(Wrapper.android.kt:133)
at androidx.compose.ui.platform.WrappedComposition$setContent$1.invoke(Wrapper.android.kt:124)
at androidx.compose.ui.platform.AndroidComposeView.setOnViewTreeOwnersAvailable(AndroidComposeView.android.kt:1626)
at androidx.compose.ui.platform.WrappedComposition.setContent(Wrapper.android.kt:124)
at androidx.compose.ui.platform.WrappedComposition.onStateChanged(Wrapper.android.kt:180)
at androidx.lifecycle.LifecycleRegistry$ObserverWithState.dispatchEvent(LifecycleRegistry.jvm.kt:313)
at androidx.lifecycle.LifecycleRegistry.addObserver(LifecycleRegistry.jvm.kt:191)
at androidx.compose.ui.platform.WrappedComposition$setContent$1.invoke(Wrapper.android.kt:131)
at androidx.compose.ui.platform.WrappedComposition$setContent$1.invoke(Wrapper.android.kt:124)
at androidx.compose.ui.platform.AndroidComposeView.onAttachedToWindow(AndroidComposeView.android.kt:1707)
at android.view.View.dispatchAttachedToWindow(View.java:22860)
at android.view.ViewGroup.dispatchAttachedToWindow(ViewGroup.java:3492)
at android.view.ViewGroup.dispatchAttachedToWindow(ViewGroup.java:3499)
at android.view.ViewGroup.addViewInner(ViewGroup.java:5299)
at android.view.ViewGroup.addView(ViewGroup.java:5085)
at android.view.ViewGroup.addView(ViewGroup.java:5057)
at com.android.internal.policy.PhoneWindow.setContentView(PhoneWindow.java:572)
at android.app.Activity.setContentView(Activity.java:3857)
at androidx.activity.ComponentActivity.setContentView(ComponentActivity.kt:402)
at androidx.activity.compose.ComponentActivityKt.setContent(ComponentActivity.kt:72)
at androidx.compose.ui.test.AndroidComposeUiTestEnvironment$AndroidComposeUiTestImpl$setContent$3.invoke(ComposeUiTest.android.kt:489)
at androidx.compose.ui.test.AndroidComposeUiTestEnvironment$AndroidComposeUiTestImpl$setContent$3.invoke(ComposeUiTest.android.kt:488)
at androidx.compose.ui.test.AndroidSynchronization_androidKt.runOnUiThread$lambda$0(AndroidSynchronization.android.kt:37)
at androidx.compose.ui.test.AndroidSynchronization_androidKt.$r8$lambda$opyMdTZ52jorqLaIG4SKpPr_Zno(Unknown Source:0)
at androidx.compose.ui.test.AndroidSynchronization_androidKt$$ExternalSyntheticLambda0.call(D8$$SyntheticClass:0)
at java.util.concurrent.FutureTask.run(FutureTask.java:264)
at java.util.concurrent.Executors$RunnableAdapter.call(Executors.java:487)
at java.util.concurrent.FutureTask.run(FutureTask.java:264)
at android.app.Instrumentation$SyncRunnable.run(Instrumentation.java:2612)
at android.os.Handler.handleCallback(Handler.java:959)
at android.os.Handler.dispatchMessage(Handler.java:100)
at android.os.Looper.loopOnce(Looper.java:232)
at android.os.Looper.loop(Looper.java:317)
at android.app.ActivityThread.main(ActivityThread.java:8705)
at java.lang.reflect.Method.invoke(Native Method)
at com.android.internal.os.RuntimeInit$MethodAndArgsCaller.run(RuntimeInit.java:580)
at com.android.internal.os.ZygoteInit.main(ZygoteInit.java:886)
</failure>
  </testcase>
  <testcase name="pokemonDetailScreen_doesNotCrash_withValidPokemonId" classname="com.example.ud1_modularization_example_2.feature.pokemon_detail.PokemonDetailScreenTest" time="0.822">
    <failure>java.lang.IllegalStateException: Given component holder class androidx.activity.ComponentActivity does not implement interface dagger.hilt.internal.GeneratedComponent or interface dagger.hilt.internal.GeneratedComponentManager
at dagger.hilt.EntryPoints.get(EntryPoints.java:62)
at dagger.hilt.android.internal.lifecycle.HiltViewModelFactory.createInternal(HiltViewModelFactory.java:206)
at androidx.hilt.navigation.HiltViewModelFactory.create(HiltNavBackStackEntry.kt:75)
at androidx.hilt.navigation.compose.HiltViewModelKt.createHiltViewModelFactory(HiltViewModel.kt:95)
at com.example.ud1_modularization_example_2.feature.pokemon_detail.PokemonDetailScreenKt.PokemonDetailScreen(PokemonDetailScreen.kt:536)
at com.example.ud1_modularization_example_2.feature.pokemon_detail.ComposableSingletons$PokemonDetailScreenTestKt$lambda-2$1.invoke(PokemonDetailScreenTest.kt:55)
at com.example.ud1_modularization_example_2.feature.pokemon_detail.ComposableSingletons$PokemonDetailScreenTestKt$lambda-2$1.invoke(PokemonDetailScreenTest.kt:54)
at androidx.compose.runtime.internal.ComposableLambdaImpl.invoke(ComposableLambda.jvm.kt:109)
at androidx.compose.runtime.internal.ComposableLambdaImpl.invoke(ComposableLambda.jvm.kt:35)
at androidx.compose.ui.platform.ComposeView.Content(ComposeView.android.kt:441)
at androidx.compose.ui.platform.AbstractComposeView$ensureCompositionCreated$1.invoke(ComposeView.android.kt:259)
at androidx.compose.ui.platform.AbstractComposeView$ensureCompositionCreated$1.invoke(ComposeView.android.kt:258)
at androidx.compose.runtime.internal.ComposableLambdaImpl.invoke(ComposableLambda.jvm.kt:109)
at androidx.compose.runtime.internal.ComposableLambdaImpl.invoke(ComposableLambda.jvm.kt:35)
at androidx.compose.runtime.CompositionLocalKt.CompositionLocalProvider(CompositionLocal.kt:380)
at androidx.compose.ui.platform.CompositionLocalsKt.ProvideCommonCompositionLocals(CompositionLocals.kt:216)
at androidx.compose.ui.platform.AndroidCompositionLocals_androidKt$ProvideAndroidCompositionLocals$3.invoke(AndroidCompositionLocals.android.kt:132)
at androidx.compose.ui.platform.AndroidCompositionLocals_androidKt$ProvideAndroidCompositionLocals$3.invoke(AndroidCompositionLocals.android.kt:131)
at androidx.compose.runtime.internal.ComposableLambdaImpl.invoke(ComposableLambda.jvm.kt:109)
at androidx.compose.runtime.internal.ComposableLambdaImpl.invoke(ComposableLambda.jvm.kt:35)
at androidx.compose.runtime.CompositionLocalKt.CompositionLocalProvider(CompositionLocal.kt:380)
at androidx.compose.ui.platform.AndroidCompositionLocals_androidKt.ProvideAndroidCompositionLocals(AndroidCompositionLocals.android.kt:121)
at androidx.compose.ui.platform.WrappedComposition$setContent$1$1$3.invoke(Wrapper.android.kt:155)
at androidx.compose.ui.platform.WrappedComposition$setContent$1$1$3.invoke(Wrapper.android.kt:154)
at androidx.compose.runtime.internal.ComposableLambdaImpl.invoke(ComposableLambda.jvm.kt:109)
at androidx.compose.runtime.internal.ComposableLambdaImpl.invoke(ComposableLambda.jvm.kt:35)
at androidx.compose.runtime.CompositionLocalKt.CompositionLocalProvider(CompositionLocal.kt:401)
at androidx.compose.ui.platform.WrappedComposition$setContent$1$1.invoke(Wrapper.android.kt:154)
at androidx.compose.ui.platform.WrappedComposition$setContent$1$1.invoke(Wrapper.android.kt:133)
at androidx.compose.runtime.internal.ComposableLambdaImpl.invoke(ComposableLambda.jvm.kt:109)
at androidx.compose.runtime.internal.ComposableLambdaImpl.invoke(ComposableLambda.jvm.kt:35)
at androidx.compose.runtime.ActualJvm_jvmKt.invokeComposable(ActualJvm.jvm.kt:97)
at androidx.compose.runtime.ComposerImpl.doCompose(Composer.kt:3595)
at androidx.compose.runtime.ComposerImpl.composeContent$runtime_release(Composer.kt:3522)
at androidx.compose.runtime.CompositionImpl.composeContent(Composition.kt:743)
at androidx.compose.runtime.Recomposer.composeInitial$runtime_release(Recomposer.kt:1122)
at androidx.compose.runtime.CompositionImpl.composeInitial(Composition.kt:649)
at androidx.compose.runtime.CompositionImpl.setContent(Composition.kt:635)
at androidx.compose.ui.platform.WrappedComposition$setContent$1.invoke(Wrapper.android.kt:133)
at androidx.compose.ui.platform.WrappedComposition$setContent$1.invoke(Wrapper.android.kt:124)
at androidx.compose.ui.platform.AndroidComposeView.setOnViewTreeOwnersAvailable(AndroidComposeView.android.kt:1626)
at androidx.compose.ui.platform.WrappedComposition.setContent(Wrapper.android.kt:124)
at androidx.compose.ui.platform.WrappedComposition.onStateChanged(Wrapper.android.kt:180)
at androidx.lifecycle.LifecycleRegistry$ObserverWithState.dispatchEvent(LifecycleRegistry.jvm.kt:313)
at androidx.lifecycle.LifecycleRegistry.addObserver(LifecycleRegistry.jvm.kt:191)
at androidx.compose.ui.platform.WrappedComposition$setContent$1.invoke(Wrapper.android.kt:131)
at androidx.compose.ui.platform.WrappedComposition$setContent$1.invoke(Wrapper.android.kt:124)
at androidx.compose.ui.platform.AndroidComposeView.onAttachedToWindow(AndroidComposeView.android.kt:1707)
at android.view.View.dispatchAttachedToWindow(View.java:22860)
at android.view.ViewGroup.dispatchAttachedToWindow(ViewGroup.java:3492)
at android.view.ViewGroup.dispatchAttachedToWindow(ViewGroup.java:3499)
at android.view.ViewGroup.addViewInner(ViewGroup.java:5299)
at android.view.ViewGroup.addView(ViewGroup.java:5085)
at android.view.ViewGroup.addView(ViewGroup.java:5057)
at com.android.internal.policy.PhoneWindow.setContentView(PhoneWindow.java:572)
at android.app.Activity.setContentView(Activity.java:3857)
at androidx.activity.ComponentActivity.setContentView(ComponentActivity.kt:402)
at androidx.activity.compose.ComponentActivityKt.setContent(ComponentActivity.kt:72)
at androidx.compose.ui.test.AndroidComposeUiTestEnvironment$AndroidComposeUiTestImpl$setContent$3.invoke(ComposeUiTest.android.kt:489)
at androidx.compose.ui.test.AndroidComposeUiTestEnvironment$AndroidComposeUiTestImpl$setContent$3.invoke(ComposeUiTest.android.kt:488)
at androidx.compose.ui.test.AndroidSynchronization_androidKt.runOnUiThread$lambda$0(AndroidSynchronization.android.kt:37)
at androidx.compose.ui.test.AndroidSynchronization_androidKt.$r8$lambda$opyMdTZ52jorqLaIG4SKpPr_Zno(Unknown Source:0)
at androidx.compose.ui.test.AndroidSynchronization_androidKt$$ExternalSyntheticLambda0.call(D8$$SyntheticClass:0)
at java.util.concurrent.FutureTask.run(FutureTask.java:264)
at java.util.concurrent.Executors$RunnableAdapter.call(Executors.java:487)
at java.util.concurrent.FutureTask.run(FutureTask.java:264)
at android.app.Instrumentation$SyncRunnable.run(Instrumentation.java:2612)
at android.os.Handler.handleCallback(Handler.java:959)
at android.os.Handler.dispatchMessage(Handler.java:100)
at android.os.Looper.loopOnce(Looper.java:232)
at android.os.Looper.loop(Looper.java:317)
at android.app.ActivityThread.main(ActivityThread.java:8705)
at java.lang.reflect.Method.invoke(Native Method)
at com.android.internal.os.RuntimeInit$MethodAndArgsCaller.run(RuntimeInit.java:580)
at com.android.internal.os.ZygoteInit.main(ZygoteInit.java:886)
</failure>
  </testcase>
  <testcase name="pokemonDetailScreen_rendersWithoutCrashing_multipleIds" classname="com.example.ud1_modularization_example_2.feature.pokemon_detail.PokemonDetailScreenTest" time="0.838">
    <failure>java.lang.IllegalStateException: Given component holder class androidx.activity.ComponentActivity does not implement interface dagger.hilt.internal.GeneratedComponent or interface dagger.hilt.internal.GeneratedComponentManager
at dagger.hilt.EntryPoints.get(EntryPoints.java:62)
at dagger.hilt.android.internal.lifecycle.HiltViewModelFactory.createInternal(HiltViewModelFactory.java:206)
at androidx.hilt.navigation.HiltViewModelFactory.create(HiltNavBackStackEntry.kt:75)
at androidx.hilt.navigation.compose.HiltViewModelKt.createHiltViewModelFactory(HiltViewModel.kt:95)
at com.example.ud1_modularization_example_2.feature.pokemon_detail.PokemonDetailScreenKt.PokemonDetailScreen(PokemonDetailScreen.kt:536)
at com.example.ud1_modularization_example_2.feature.pokemon_detail.PokemonDetailScreenTest$pokemonDetailScreen_rendersWithoutCrashing_multipleIds$1$1.invoke(PokemonDetailScreenTest.kt:86)
at com.example.ud1_modularization_example_2.feature.pokemon_detail.PokemonDetailScreenTest$pokemonDetailScreen_rendersWithoutCrashing_multipleIds$1$1.invoke(PokemonDetailScreenTest.kt:85)
at androidx.compose.runtime.internal.ComposableLambdaImpl.invoke(ComposableLambda.jvm.kt:109)
at androidx.compose.runtime.internal.ComposableLambdaImpl.invoke(ComposableLambda.jvm.kt:35)
at androidx.compose.ui.platform.ComposeView.Content(ComposeView.android.kt:441)
at androidx.compose.ui.platform.AbstractComposeView$ensureCompositionCreated$1.invoke(ComposeView.android.kt:259)
at androidx.compose.ui.platform.AbstractComposeView$ensureCompositionCreated$1.invoke(ComposeView.android.kt:258)
at androidx.compose.runtime.internal.ComposableLambdaImpl.invoke(ComposableLambda.jvm.kt:109)
at androidx.compose.runtime.internal.ComposableLambdaImpl.invoke(ComposableLambda.jvm.kt:35)
at androidx.compose.runtime.CompositionLocalKt.CompositionLocalProvider(CompositionLocal.kt:380)
at androidx.compose.ui.platform.CompositionLocalsKt.ProvideCommonCompositionLocals(CompositionLocals.kt:216)
at androidx.compose.ui.platform.AndroidCompositionLocals_androidKt$ProvideAndroidCompositionLocals$3.invoke(AndroidCompositionLocals.android.kt:132)
at androidx.compose.ui.platform.AndroidCompositionLocals_androidKt$ProvideAndroidCompositionLocals$3.invoke(AndroidCompositionLocals.android.kt:131)
at androidx.compose.runtime.internal.ComposableLambdaImpl.invoke(ComposableLambda.jvm.kt:109)
at androidx.compose.runtime.internal.ComposableLambdaImpl.invoke(ComposableLambda.jvm.kt:35)
at androidx.compose.runtime.CompositionLocalKt.CompositionLocalProvider(CompositionLocal.kt:380)
at androidx.compose.ui.platform.AndroidCompositionLocals_androidKt.ProvideAndroidCompositionLocals(AndroidCompositionLocals.android.kt:121)
at androidx.compose.ui.platform.WrappedComposition$setContent$1$1$3.invoke(Wrapper.android.kt:155)
at androidx.compose.ui.platform.WrappedComposition$setContent$1$1$3.invoke(Wrapper.android.kt:154)
at androidx.compose.runtime.internal.ComposableLambdaImpl.invoke(ComposableLambda.jvm.kt:109)
at androidx.compose.runtime.internal.ComposableLambdaImpl.invoke(ComposableLambda.jvm.kt:35)
at androidx.compose.runtime.CompositionLocalKt.CompositionLocalProvider(CompositionLocal.kt:401)
at androidx.compose.ui.platform.WrappedComposition$setContent$1$1.invoke(Wrapper.android.kt:154)
at androidx.compose.ui.platform.WrappedComposition$setContent$1$1.invoke(Wrapper.android.kt:133)
at androidx.compose.runtime.internal.ComposableLambdaImpl.invoke(ComposableLambda.jvm.kt:109)
at androidx.compose.runtime.internal.ComposableLambdaImpl.invoke(ComposableLambda.jvm.kt:35)
at androidx.compose.runtime.ActualJvm_jvmKt.invokeComposable(ActualJvm.jvm.kt:97)
at androidx.compose.runtime.ComposerImpl.doCompose(Composer.kt:3595)
at androidx.compose.runtime.ComposerImpl.composeContent$runtime_release(Composer.kt:3522)
at androidx.compose.runtime.CompositionImpl.composeContent(Composition.kt:743)
at androidx.compose.runtime.Recomposer.composeInitial$runtime_release(Recomposer.kt:1122)
at androidx.compose.runtime.CompositionImpl.composeInitial(Composition.kt:649)
at androidx.compose.runtime.CompositionImpl.setContent(Composition.kt:635)
at androidx.compose.ui.platform.WrappedComposition$setContent$1.invoke(Wrapper.android.kt:133)
at androidx.compose.ui.platform.WrappedComposition$setContent$1.invoke(Wrapper.android.kt:124)
at androidx.compose.ui.platform.AndroidComposeView.setOnViewTreeOwnersAvailable(AndroidComposeView.android.kt:1626)
at androidx.compose.ui.platform.WrappedComposition.setContent(Wrapper.android.kt:124)
at androidx.compose.ui.platform.WrappedComposition.onStateChanged(Wrapper.android.kt:180)
at androidx.lifecycle.LifecycleRegistry$ObserverWithState.dispatchEvent(LifecycleRegistry.jvm.kt:313)
at androidx.lifecycle.LifecycleRegistry.addObserver(LifecycleRegistry.jvm.kt:191)
at androidx.compose.ui.platform.WrappedComposition$setContent$1.invoke(Wrapper.android.kt:131)
at androidx.compose.ui.platform.WrappedComposition$setContent$1.invoke(Wrapper.android.kt:124)
at androidx.compose.ui.platform.AndroidComposeView.onAttachedToWindow(AndroidComposeView.android.kt:1707)
at android.view.View.dispatchAttachedToWindow(View.java:22860)
at android.view.ViewGroup.dispatchAttachedToWindow(ViewGroup.java:3492)
at android.view.ViewGroup.dispatchAttachedToWindow(ViewGroup.java:3499)
at android.view.ViewGroup.addViewInner(ViewGroup.java:5299)
at android.view.ViewGroup.addView(ViewGroup.java:5085)
at android.view.ViewGroup.addView(ViewGroup.java:5057)
at com.android.internal.policy.PhoneWindow.setContentView(PhoneWindow.java:572)
at android.app.Activity.setContentView(Activity.java:3857)
at androidx.activity.ComponentActivity.setContentView(ComponentActivity.kt:402)
at androidx.activity.compose.ComponentActivityKt.setContent(ComponentActivity.kt:72)
at androidx.compose.ui.test.AndroidComposeUiTestEnvironment$AndroidComposeUiTestImpl$setContent$3.invoke(ComposeUiTest.android.kt:489)
at androidx.compose.ui.test.AndroidComposeUiTestEnvironment$AndroidComposeUiTestImpl$setContent$3.invoke(ComposeUiTest.android.kt:488)
at androidx.compose.ui.test.AndroidSynchronization_androidKt.runOnUiThread$lambda$0(AndroidSynchronization.android.kt:37)
at androidx.compose.ui.test.AndroidSynchronization_androidKt.$r8$lambda$opyMdTZ52jorqLaIG4SKpPr_Zno(Unknown Source:0)
at androidx.compose.ui.test.AndroidSynchronization_androidKt$$ExternalSyntheticLambda0.call(D8$$SyntheticClass:0)
at java.util.concurrent.FutureTask.run(FutureTask.java:264)
at java.util.concurrent.Executors$RunnableAdapter.call(Executors.java:487)
at java.util.concurrent.FutureTask.run(FutureTask.java:264)
at android.app.Instrumentation$SyncRunnable.run(Instrumentation.java:2612)
at android.os.Handler.handleCallback(Handler.java:959)
at android.os.Handler.dispatchMessage(Handler.java:100)
at android.os.Looper.loopOnce(Looper.java:232)
at android.os.Looper.loop(Looper.java:317)
at android.app.ActivityThread.main(ActivityThread.java:8705)
at java.lang.reflect.Method.invoke(Native Method)
at com.android.internal.os.RuntimeInit$MethodAndArgsCaller.run(RuntimeInit.java:580)
at com.android.internal.os.ZygoteInit.main(ZygoteInit.java:886)
</failure>
  </testcase>
  <testcase name="pokemonDetailScreen_showsBackButton_onLoad" classname="com.example.ud1_modularization_example_2.feature.pokemon_detail.PokemonDetailScreenTest" time="0.814">
    <failure>java.lang.IllegalStateException: Given component holder class androidx.activity.ComponentActivity does not implement interface dagger.hilt.internal.GeneratedComponent or interface dagger.hilt.internal.GeneratedComponentManager
at dagger.hilt.EntryPoints.get(EntryPoints.java:62)
at dagger.hilt.android.internal.lifecycle.HiltViewModelFactory.createInternal(HiltViewModelFactory.java:206)
at androidx.hilt.navigation.HiltViewModelFactory.create(HiltNavBackStackEntry.kt:75)
at androidx.hilt.navigation.compose.HiltViewModelKt.createHiltViewModelFactory(HiltViewModel.kt:95)
at com.example.ud1_modularization_example_2.feature.pokemon_detail.PokemonDetailScreenKt.PokemonDetailScreen(PokemonDetailScreen.kt:536)
at com.example.ud1_modularization_example_2.feature.pokemon_detail.ComposableSingletons$PokemonDetailScreenTestKt$lambda-1$1.invoke(PokemonDetailScreenTest.kt:22)
at com.example.ud1_modularization_example_2.feature.pokemon_detail.ComposableSingletons$PokemonDetailScreenTestKt$lambda-1$1.invoke(PokemonDetailScreenTest.kt:21)
at androidx.compose.runtime.internal.ComposableLambdaImpl.invoke(ComposableLambda.jvm.kt:109)
at androidx.compose.runtime.internal.ComposableLambdaImpl.invoke(ComposableLambda.jvm.kt:35)
at androidx.compose.ui.platform.ComposeView.Content(ComposeView.android.kt:441)
at androidx.compose.ui.platform.AbstractComposeView$ensureCompositionCreated$1.invoke(ComposeView.android.kt:259)
at androidx.compose.ui.platform.AbstractComposeView$ensureCompositionCreated$1.invoke(ComposeView.android.kt:258)
at androidx.compose.runtime.internal.ComposableLambdaImpl.invoke(ComposableLambda.jvm.kt:109)
at androidx.compose.runtime.internal.ComposableLambdaImpl.invoke(ComposableLambda.jvm.kt:35)
at androidx.compose.runtime.CompositionLocalKt.CompositionLocalProvider(CompositionLocal.kt:380)
at androidx.compose.ui.platform.CompositionLocalsKt.ProvideCommonCompositionLocals(CompositionLocals.kt:216)
at androidx.compose.ui.platform.AndroidCompositionLocals_androidKt$ProvideAndroidCompositionLocals$3.invoke(AndroidCompositionLocals.android.kt:132)
at androidx.compose.ui.platform.AndroidCompositionLocals_androidKt$ProvideAndroidCompositionLocals$3.invoke(AndroidCompositionLocals.android.kt:131)
at androidx.compose.runtime.internal.ComposableLambdaImpl.invoke(ComposableLambda.jvm.kt:109)
at androidx.compose.runtime.internal.ComposableLambdaImpl.invoke(ComposableLambda.jvm.kt:35)
at androidx.compose.runtime.CompositionLocalKt.CompositionLocalProvider(CompositionLocal.kt:380)
at androidx.compose.ui.platform.AndroidCompositionLocals_androidKt.ProvideAndroidCompositionLocals(AndroidCompositionLocals.android.kt:121)
at androidx.compose.ui.platform.WrappedComposition$setContent$1$1$3.invoke(Wrapper.android.kt:155)
at androidx.compose.ui.platform.WrappedComposition$setContent$1$1$3.invoke(Wrapper.android.kt:154)
at androidx.compose.runtime.internal.ComposableLambdaImpl.invoke(ComposableLambda.jvm.kt:109)
at androidx.compose.runtime.internal.ComposableLambdaImpl.invoke(ComposableLambda.jvm.kt:35)
at androidx.compose.runtime.CompositionLocalKt.CompositionLocalProvider(CompositionLocal.kt:401)
at androidx.compose.ui.platform.WrappedComposition$setContent$1$1.invoke(Wrapper.android.kt:154)
at androidx.compose.ui.platform.WrappedComposition$setContent$1$1.invoke(Wrapper.android.kt:133)
at androidx.compose.runtime.internal.ComposableLambdaImpl.invoke(ComposableLambda.jvm.kt:109)
at androidx.compose.runtime.internal.ComposableLambdaImpl.invoke(ComposableLambda.jvm.kt:35)
at androidx.compose.runtime.ActualJvm_jvmKt.invokeComposable(ActualJvm.jvm.kt:97)
at androidx.compose.runtime.ComposerImpl.doCompose(Composer.kt:3595)
at androidx.compose.runtime.ComposerImpl.composeContent$runtime_release(Composer.kt:3522)
at androidx.compose.runtime.CompositionImpl.composeContent(Composition.kt:743)
at androidx.compose.runtime.Recomposer.composeInitial$runtime_release(Recomposer.kt:1122)
at androidx.compose.runtime.CompositionImpl.composeInitial(Composition.kt:649)
at androidx.compose.runtime.CompositionImpl.setContent(Composition.kt:635)
at androidx.compose.ui.platform.WrappedComposition$setContent$1.invoke(Wrapper.android.kt:133)
at androidx.compose.ui.platform.WrappedComposition$setContent$1.invoke(Wrapper.android.kt:124)
at androidx.compose.ui.platform.AndroidComposeView.setOnViewTreeOwnersAvailable(AndroidComposeView.android.kt:1626)
at androidx.compose.ui.platform.WrappedComposition.setContent(Wrapper.android.kt:124)
at androidx.compose.ui.platform.WrappedComposition.onStateChanged(Wrapper.android.kt:180)
at androidx.lifecycle.LifecycleRegistry$ObserverWithState.dispatchEvent(LifecycleRegistry.jvm.kt:313)
at androidx.lifecycle.LifecycleRegistry.addObserver(LifecycleRegistry.jvm.kt:191)
at androidx.compose.ui.platform.WrappedComposition$setContent$1.invoke(Wrapper.android.kt:131)
at androidx.compose.ui.platform.WrappedComposition$setContent$1.invoke(Wrapper.android.kt:124)
at androidx.compose.ui.platform.AndroidComposeView.onAttachedToWindow(AndroidComposeView.android.kt:1707)
at android.view.View.dispatchAttachedToWindow(View.java:22860)
at android.view.ViewGroup.dispatchAttachedToWindow(ViewGroup.java:3492)
at android.view.ViewGroup.dispatchAttachedToWindow(ViewGroup.java:3499)
at android.view.ViewGroup.addViewInner(ViewGroup.java:5299)
at android.view.ViewGroup.addView(ViewGroup.java:5085)
at android.view.ViewGroup.addView(ViewGroup.java:5057)
at com.android.internal.policy.PhoneWindow.setContentView(PhoneWindow.java:572)
at android.app.Activity.setContentView(Activity.java:3857)
at androidx.activity.ComponentActivity.setContentView(ComponentActivity.kt:402)
at androidx.activity.compose.ComponentActivityKt.setContent(ComponentActivity.kt:72)
at androidx.compose.ui.test.AndroidComposeUiTestEnvironment$AndroidComposeUiTestImpl$setContent$3.invoke(ComposeUiTest.android.kt:489)
at androidx.compose.ui.test.AndroidComposeUiTestEnvironment$AndroidComposeUiTestImpl$setContent$3.invoke(ComposeUiTest.android.kt:488)
at androidx.compose.ui.test.AndroidSynchronization_androidKt.runOnUiThread$lambda$0(AndroidSynchronization.android.kt:37)
at androidx.compose.ui.test.AndroidSynchronization_androidKt.$r8$lambda$opyMdTZ52jorqLaIG4SKpPr_Zno(Unknown Source:0)
at androidx.compose.ui.test.AndroidSynchronization_androidKt$$ExternalSyntheticLambda0.call(D8$$SyntheticClass:0)
at java.util.concurrent.FutureTask.run(FutureTask.java:264)
at java.util.concurrent.Executors$RunnableAdapter.call(Executors.java:487)
at java.util.concurrent.FutureTask.run(FutureTask.java:264)
at android.app.Instrumentation$SyncRunnable.run(Instrumentation.java:2612)
at android.os.Handler.handleCallback(Handler.java:959)
at android.os.Handler.dispatchMessage(Handler.java:100)
at android.os.Looper.loopOnce(Looper.java:232)
at android.os.Looper.loop(Looper.java:317)
at android.app.ActivityThread.main(ActivityThread.java:8705)
at java.lang.reflect.Method.invoke(Native Method)
at com.android.internal.os.RuntimeInit$MethodAndArgsCaller.run(RuntimeInit.java:580)
at com.android.internal.os.ZygoteInit.main(ZygoteInit.java:886)
</failure>
  </testcase>
</testsuite>