<?xml version="1.0" encoding="UTF-8"?>
<testsuite name="com.example.ud1_modularization_example_2.data.pokemon.PokemonDataModuleTest" tests="3" skipped="0" failures="0" errors="0" timestamp="2025-06-24T18:37:28" hostname="Alan-Sax-MFQVF7THGW" time="0.675">
  <properties/>
  <testcase name="providePokeApiService should use correct API base URL" classname="com.example.ud1_modularization_example_2.data.pokemon.PokemonDataModuleTest" time="0.669"/>
  <testcase name="providePokeApiService should build retrofit and create service" classname="com.example.ud1_modularization_example_2.data.pokemon.PokemonDataModuleTest" time="0.003"/>
  <testcase name="providePokeApiService should create service with correct base URL" classname="com.example.ud1_modularization_example_2.data.pokemon.PokemonDataModuleTest" time="0.003"/>
  <system-out><![CDATA[]]></system-out>
  <system-err><![CDATA[WARNING: A Java agent has been loaded dynamically (/Users/alan.sax/.gradle/caches/modules-2/files-2.1/net.bytebuddy/byte-buddy-agent/1.14.6/46e2545d7a97b6ccb195621650c5957279eb4812/byte-buddy-agent-1.14.6.jar)
WARNING: If a serviceability tool is in use, please run with -XX:+EnableDynamicAgentLoading to hide this warning
WARNING: If a serviceability tool is not in use, please run with -Djdk.instrument.traceUsage for more information
WARNING: Dynamic loading of agents will be disallowed by default in a future release
]]></system-err>
</testsuite>
