<?xml version='1.0' encoding='UTF-8' ?>
<testsuite name="com.example.ud1_modularization_example_2.feature.pokedex.PokedexScreenTest" tests="16" failures="0" errors="0" skipped="0" time="14.34" timestamp="2025-06-24T19:05:41" hostname="localhost">
  <properties>
    <property name="device" value="Pixel_8_API_35(AVD) - 15" />
    <property name="flavor" value="" />
    <property name="project" value=":feature:pokedex" />
  </properties>
  <testcase name="pokedexScreen_displaysPokemonIds_whenDataLoaded" classname="com.example.ud1_modularization_example_2.feature.pokedex.PokedexScreenTest" time="1.059" />
  <testcase name="pokedexScreen_showsEmptyState_whenNoPokemonData" classname="com.example.ud1_modularization_example_2.feature.pokedex.PokedexScreenTest" time="0.871" />
  <testcase name="pokedexScreen_searchFiltersResults_whenSearchQueryEntered" classname="com.example.ud1_modularization_example_2.feature.pokedex.PokedexScreenTest" time="0.851" />
  <testcase name="pokedexScreen_searchIsCaseInsensitive" classname="com.example.ud1_modularization_example_2.feature.pokedex.PokedexScreenTest" time="0.848" />
  <testcase name="pokedexScreen_callsSearchCallback_whenSearchQueryChanged" classname="com.example.ud1_modularization_example_2.feature.pokedex.PokedexScreenTest" time="0.916" />
  <testcase name="pokedexScreen_showsLoadingIndicator_whenLoading" classname="com.example.ud1_modularization_example_2.feature.pokedex.PokedexScreenTest" time="0.86" />
  <testcase name="pokemonCard_callsClickCallback_whenClicked" classname="com.example.ud1_modularization_example_2.feature.pokedex.PokedexScreenTest" time="0.85" />
  <testcase name="pokedexScreen_displaysAllPokemon_whenDataLoaded" classname="com.example.ud1_modularization_example_2.feature.pokedex.PokedexScreenTest" time="0.492" />
  <testcase name="pokedexScreen_displaysSearchBarCorrectly" classname="com.example.ud1_modularization_example_2.feature.pokedex.PokedexScreenTest" time="0.852" />
  <testcase name="pokedexScreen_callsPokemonClickCallback_whenPokemonCardClicked" classname="com.example.ud1_modularization_example_2.feature.pokedex.PokedexScreenTest" time="0.877" />
  <testcase name="pokedexScreen_callsRetryCallback_whenRetryButtonClicked" classname="com.example.ud1_modularization_example_2.feature.pokedex.PokedexScreenTest" time="0.509" />
  <testcase name="pokedexScreen_displaysHeaderCorrectly" classname="com.example.ud1_modularization_example_2.feature.pokedex.PokedexScreenTest" time="0.898" />
  <testcase name="pokemonCard_displaysAllRequiredInformation" classname="com.example.ud1_modularization_example_2.feature.pokedex.PokedexScreenTest" time="0.398" />
  <testcase name="pokedexScreen_showsCorrectPokemonCount_whenDataLoaded" classname="com.example.ud1_modularization_example_2.feature.pokedex.PokedexScreenTest" time="0.859" />
  <testcase name="pokedexScreen_displaysErrorState_whenErrorOccurs" classname="com.example.ud1_modularization_example_2.feature.pokedex.PokedexScreenTest" time="0.846" />
  <testcase name="pokedexScreen_displaysPokemonImages_whenDataLoaded" classname="com.example.ud1_modularization_example_2.feature.pokedex.PokedexScreenTest" time="0.836" />
</testsuite>